[debug] [2023-10-05T00:21:36.280Z] ----------------------------------------------------------------------
[debug] [2023-10-05T00:21:36.281Z] Command:       D:\@dev\Frontend\nodejs\node.exe C:\Users\goran\AppData\Roaming\npm\node_modules\firebase-tools\lib\bin\firebase.js init
[debug] [2023-10-05T00:21:36.282Z] CLI Version:   12.5.2
[debug] [2023-10-05T00:21:36.282Z] Platform:      win32
[debug] [2023-10-05T00:21:36.282Z] Node Version:  v18.14.0
[debug] [2023-10-05T00:21:36.283Z] Time:          Thu Oct 05 2023 02:21:36 GMT+0200 (srednjoeuropsko ljetno vrijeme)
[debug] [2023-10-05T00:21:36.283Z] ----------------------------------------------------------------------
[debug] 
[debug] [2023-10-05T00:21:36.290Z] > command requires scopes: ["email","openid","https://www.googleapis.com/auth/cloudplatformprojects.readonly","https://www.googleapis.com/auth/firebase","https://www.googleapis.com/auth/cloud-platform"]
[debug] [2023-10-05T00:21:36.290Z] > authorizing via signed-in user (goran.sacic@gmail.com)
[info] 
     ######## #### ########  ######## ########     ###     ######  ########
     ##        ##  ##     ## ##       ##     ##  ##   ##  ##       ##
     ######    ##  ########  ######   ########  #########  ######  ######
     ##        ##  ##    ##  ##       ##     ## ##     ##       ## ##
     ##       #### ##     ## ######## ########  ##     ##  ######  ########

You're about to initialize a Firebase project in this directory:

  D:\@dev\Algebra - Front End Developer\Projekti\portfolio\portfolio-v4

[info] 
=== Project Setup
[info] 
[info] First, let's associate this project directory with a Firebase project.
[info] You can create multiple project aliases by running firebase use --add, 
[info] but for now we'll just set up a default project.
[info] 
[debug] [2023-10-05T00:21:48.071Z] > refreshing access token with scopes: []
[debug] [2023-10-05T00:21:48.072Z] >>> [apiv2][query] POST https://www.googleapis.com/oauth2/v3/token [none]
[debug] [2023-10-05T00:21:48.073Z] >>> [apiv2][body] POST https://www.googleapis.com/oauth2/v3/token [omitted]
[debug] [2023-10-05T00:21:48.409Z] <<< [apiv2][status] POST https://www.googleapis.com/oauth2/v3/token 200
[debug] [2023-10-05T00:21:48.409Z] <<< [apiv2][body] POST https://www.googleapis.com/oauth2/v3/token [omitted]
[debug] [2023-10-05T00:21:48.428Z] >>> [apiv2][query] GET https://firebase.googleapis.com/v1beta1/projects pageSize=100
[debug] [2023-10-05T00:21:49.086Z] <<< [apiv2][status] GET https://firebase.googleapis.com/v1beta1/projects 200
[debug] [2023-10-05T00:21:49.086Z] <<< [apiv2][body] GET https://firebase.googleapis.com/v1beta1/projects [omitted]
[info] i  Using project myportfolio-contact-6c676 (MyPortfolio-Contact) 
[info] 
=== Hosting Setup
[info] 
[info] Your public directory is the folder (relative to your project directory) that
[info] will contain Hosting assets to be uploaded with firebase deploy. If you
[info] have a build process for your assets, use your build's output directory.
[info] 
[debug] [2023-10-05T00:23:00.426Z] >>> [apiv2][query] GET https://www.gstatic.com/firebasejs/releases.json [none]
[debug] [2023-10-05T00:23:00.671Z] <<< [apiv2][status] GET https://www.gstatic.com/firebasejs/releases.json 200
[debug] [2023-10-05T00:23:00.671Z] <<< [apiv2][body] GET https://www.gstatic.com/firebasejs/releases.json {"current":{"version":"10.4.0","browserURL":"https://www.gstatic.com/firebasejs/10.4.0/firebase.js","packageURL":"https://www.gstatic.com/firebasejs/10.4.0/firebase.tgz"},"live":{"version":"10.4","browserURL":"https://www.gstatic.com/firebasejs/live/10.4/firebase.js","packageURL":"https://www.gstatic.com/firebasejs/live/10.4/firebase.tgz"},"components":{"analytics":"https://www.gstatic.com/firebasejs/10.4.0/firebase-analytics.js","app":"https://www.gstatic.com/firebasejs/10.4.0/firebase-app.js","app-check":"https://www.gstatic.com/firebasejs/10.4.0/firebase-app-check.js","auth":"https://www.gstatic.com/firebasejs/10.4.0/firebase-auth.js","auth/cordova":"https://www.gstatic.com/firebasejs/10.4.0/firebase-auth/cordova.js","functions":"https://www.gstatic.com/firebasejs/10.4.0/firebase-functions.js","firestore":"https://www.gstatic.com/firebasejs/10.4.0/firebase-firestore.js","firestore/lite":"https://www.gstatic.com/firebasejs/10.4.0/firebase-firestore/lite.js","installations":"https://www.gstatic.com/firebasejs/10.4.0/firebase-installations.js","storage":"https://www.gstatic.com/firebasejs/10.4.0/firebase-storage.js","performance":"https://www.gstatic.com/firebasejs/10.4.0/firebase-performance.js","remote-config":"https://www.gstatic.com/firebasejs/10.4.0/firebase-remote-config.js","messaging":"https://www.gstatic.com/firebasejs/10.4.0/firebase-messaging.js","messaging/sw":"https://www.gstatic.com/firebasejs/10.4.0/firebase-messaging/sw.js","database":"https://www.gstatic.com/firebasejs/10.4.0/firebase-database.js","firestore.memory":"https://www.gstatic.com/firebasejs/10.4.0/firebase-firestore.memory.js"}}
[info] +  Wrote build/index.html 
[info] 
[info] i  Detected a .git folder at D:\@dev\Algebra - Front End Developer\Projekti\portfolio\portfolio-v4 
[info] i  Authorizing with GitHub to upload your service account to a GitHub repository's secrets store. 
[info] 
[info] Visit this URL on this device to log in:
[info] https://github.com/login/oauth/authorize?client_id=89cf50f02ac6aaed3484&state=471186129&redirect_uri=http%3A%2F%2Flocalhost%3A9005&scope=read%3Auser%20repo%20public_repo
[info] 
[info] Waiting for authentication...
[debug] [2023-10-05T00:23:01.318Z] >>> [apiv2][query] POST https://github.com/login/oauth/access_token [none]
[debug] [2023-10-05T00:23:01.318Z] >>> [apiv2][body] POST https://github.com/login/oauth/access_token [stream]
[debug] [2023-10-05T00:23:01.670Z] <<< [apiv2][status] POST https://github.com/login/oauth/access_token 200
[debug] [2023-10-05T00:23:01.670Z] <<< [apiv2][body] POST https://github.com/login/oauth/access_token {"access_token":"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","token_type":"bearer","scope":"read:user,repo"}
[debug] [2023-10-05T00:23:01.691Z] >>> [apiv2][query] GET https://api.github.com/user [none]
[debug] [2023-10-05T00:23:02.041Z] <<< [apiv2][status] GET https://api.github.com/user 200
[debug] [2023-10-05T00:23:02.041Z] <<< [apiv2][body] GET https://api.github.com/user {"login":"Goran-Sacic","id":115498134,"node_id":"U_kgDOBuJclg","avatar_url":"https://avatars.githubusercontent.com/u/115498134?v=4","gravatar_id":"","url":"https://api.github.com/users/Goran-Sacic","html_url":"https://github.com/Goran-Sacic","followers_url":"https://api.github.com/users/Goran-Sacic/followers","following_url":"https://api.github.com/users/Goran-Sacic/following{/other_user}","gists_url":"https://api.github.com/users/Goran-Sacic/gists{/gist_id}","starred_url":"https://api.github.com/users/Goran-Sacic/starred{/owner}{/repo}","subscriptions_url":"https://api.github.com/users/Goran-Sacic/subscriptions","organizations_url":"https://api.github.com/users/Goran-Sacic/orgs","repos_url":"https://api.github.com/users/Goran-Sacic/repos","events_url":"https://api.github.com/users/Goran-Sacic/events{/privacy}","received_events_url":"https://api.github.com/users/Goran-Sacic/received_events","type":"User","site_admin":false,"name":null,"company":null,"blog":"","location":null,"email":null,"hireable":null,"bio":null,"twitter_username":null,"public_repos":13,"public_gists":0,"followers":0,"following":0,"created_at":"2022-10-10T18:18:33Z","updated_at":"2023-08-30T12:45:30Z","private_gists":0,"total_private_repos":9,"owned_private_repos":9,"disk_usage":71640,"collaborators":0,"two_factor_authentication":false,"plan":{"name":"free","space":976562499,"collaborators":0,"private_repos":10000}}
[info] 
[info] +  Success! Logged into GitHub as Goran-Sacic 
[info] 
